<?xml version="1.0" encoding="UTF-8"?>
<!-- Generated by org.testng.reporters.JUnitReportReporter -->
<testsuite hostname="Kavindras-MBP" name="example.NewTest" tests="1" failures="0" timestamp="19 Jun 2017 06:17:51 GMT" time="12.328" errors="0">
  <testcase name="main" time="12.328" classname="example.NewTest"/>
</testsuite>
