<?xml version="1.0" encoding="UTF-8"?>
<!-- Generated by org.testng.reporters.JUnitReportReporter -->
<testsuite skipped="0" hostname="Kavindras-MacBook-Pro.local" name="NewTest" tests="1" failures="0" timestamp="14 Jun 2017 19:03:20 GMT" time="0.009" errors="0">
  <testcase name="f" time="0.009" classname="NewTest"/>
</testsuite> <!-- NewTest -->
